# JRE version: Java(TM) SE Runtime Environment (17.0.10+11) (build 17.0.10+11-LTS-240)
# Java VM: Java HotSpot(TM) 64-Bit Server VM (17.0.10+11-LTS-240, mixed mode, sharing, tiered, compressed oops, compressed class ptrs, g1 gc, windows-amd64)
GC Precious Log:
 CPUs: 8 total, 8 available
 Memory: 16103M
 Large Page Support: Disabled
 NUMA Support: Disabled
 Compressed Oops: Enabled (Zero based)
 Heap Region Size: 2M
 Heap Min Capacity: 8M
 Heap Initial Capacity: 252M
 Heap Max Capacity: 4026M
 Pre-touch: Disabled
 Parallel Workers: 8
 Concurrent Workers: 2
 Concurrent Refinement Workers: 8
 Periodic GC: Disabled
Heap:
 garbage-first heap   total 75776K, used 35173K [0x0000000704600000, 0x0000000800000000)
  region size 2048K, 7 young (14336K), 3 survivors (6144K)
 Metaspace       used 67025K, committed 67520K, reserved 1114112K
  class space    used 9098K, committed 9344K, reserved 1048576K
GC Heap History (20 events):
Event: 2.972 GC heap before
{Heap before GC invocations=4 (full 0):
 garbage-first heap   total 61440K, used 42314K [0x0000000704600000, 0x0000000800000000)
  region size 2048K, 18 young (36864K), 4 survivors (8192K)
 Metaspace       used 25527K, committed 25856K, reserved 1114112K
  class space    used 3296K, committed 3456K, reserved 1048576K
}
Event: 2.981 GC heap after
{Heap after GC invocations=5 (full 0):
 garbage-first heap   total 61440K, used 16228K [0x0000000704600000, 0x0000000800000000)
  region size 2048K, 2 young (4096K), 2 survivors (4096K)
 Metaspace       used 25527K, committed 25856K, reserved 1114112K
  class space    used 3296K, committed 3456K, reserved 1048576K
}
Event: 3.097 GC heap before
{Heap before GC invocations=5 (full 0):
 garbage-first heap   total 61440K, used 18276K [0x0000000704600000, 0x0000000800000000)
  region size 2048K, 3 young (6144K), 2 survivors (4096K)
 Metaspace       used 26192K, committed 26560K, reserved 1114112K
  class space    used 3378K, committed 3584K, reserved 1048576K
}
Event: 3.103 GC heap after
{Heap after GC invocations=6 (full 0):
 garbage-first heap   total 61440K, used 16608K [0x0000000704600000, 0x0000000800000000)
  region size 2048K, 1 young (2048K), 1 survivors (2048K)
 Metaspace       used 26192K, committed 26560K, reserved 1114112K
  class space    used 3378K, committed 3584K, reserved 1048576K
}
Event: 3.591 GC heap before
{Heap before GC invocations=6 (full 0):
 garbage-first heap   total 61440K, used 39136K [0x0000000704600000, 0x0000000800000000)
  region size 2048K, 12 young (24576K), 1 survivors (2048K)
 Metaspace       used 30361K, committed 30784K, reserved 1114112K
  class space    used 3889K, committed 4096K, reserved 1048576K
}
Event: 3.597 GC heap after
{Heap after GC invocations=7 (full 0):
 garbage-first heap   total 61440K, used 17764K [0x0000000704600000, 0x0000000800000000)
  region size 2048K, 1 young (2048K), 1 survivors (2048K)
 Metaspace       used 30361K, committed 30784K, reserved 1114112K
  class space    used 3889K, committed 4096K, reserved 1048576K
}
Event: 4.044 GC heap before
{Heap before GC invocations=7 (full 0):
 garbage-first heap   total 61440K, used 36196K [0x0000000704600000, 0x0000000800000000)
  region size 2048K, 12 young (24576K), 1 survivors (2048K)
 Metaspace       used 35580K, committed 35968K, reserved 1114112K
  class space    used 4668K, committed 4864K, reserved 1048576K
}
Event: 4.050 GC heap after
{Heap after GC invocations=8 (full 0):
 garbage-first heap   total 159744K, used 19053K [0x0000000704600000, 0x0000000800000000)
  region size 2048K, 2 young (4096K), 2 survivors (4096K)
 Metaspace       used 35580K, committed 35968K, reserved 1114112K
  class space    used 4668K, committed 4864K, reserved 1048576K
}
Event: 5.019 GC heap before
{Heap before GC invocations=9 (full 0):
 garbage-first heap   total 75776K, used 60013K [0x0000000704600000, 0x0000000800000000)
  region size 2048K, 22 young (45056K), 2 survivors (4096K)
 Metaspace       used 47974K, committed 48384K, reserved 1114112K
  class space    used 6245K, committed 6400K, reserved 1048576K
}
Event: 5.029 GC heap after
{Heap after GC invocations=10 (full 0):
 garbage-first heap   total 75776K, used 22169K [0x0000000704600000, 0x0000000800000000)
  region size 2048K, 3 young (6144K), 3 survivors (6144K)
 Metaspace       used 47974K, committed 48384K, reserved 1114112K
  class space    used 6245K, committed 6400K, reserved 1048576K
}
Event: 5.081 GC heap before
{Heap before GC invocations=10 (full 0):
 garbage-first heap   total 75776K, used 22169K [0x0000000704600000, 0x0000000800000000)
  region size 2048K, 4 young (8192K), 3 survivors (6144K)
 Metaspace       used 49269K, committed 49664K, reserved 1114112K
  class space    used 6504K, committed 6656K, reserved 1048576K
}
Event: 5.091 GC heap after
{Heap after GC invocations=11 (full 0):
 garbage-first heap   total 75776K, used 22499K [0x0000000704600000, 0x0000000800000000)
  region size 2048K, 1 young (2048K), 1 survivors (2048K)
 Metaspace       used 49269K, committed 49664K, reserved 1114112K
  class space    used 6504K, committed 6656K, reserved 1048576K
}
Event: 6.058 GC heap before
{Heap before GC invocations=11 (full 0):
 garbage-first heap   total 75776K, used 53219K [0x0000000704600000, 0x0000000800000000)
  region size 2048K, 17 young (34816K), 1 survivors (2048K)
 Metaspace       used 57364K, committed 57792K, reserved 1114112K
  class space    used 7751K, committed 7936K, reserved 1048576K
}
Event: 6.061 GC heap after
{Heap after GC invocations=12 (full 0):
 garbage-first heap   total 75776K, used 23185K [0x0000000704600000, 0x0000000800000000)
  region size 2048K, 1 young (2048K), 1 survivors (2048K)
 Metaspace       used 57364K, committed 57792K, reserved 1114112K
  class space    used 7751K, committed 7936K, reserved 1048576K
}
Event: 6.298 GC heap before
{Heap before GC invocations=12 (full 0):
 garbage-first heap   total 75776K, used 35473K [0x0000000704600000, 0x0000000800000000)
  region size 2048K, 8 young (16384K), 1 survivors (2048K)
 Metaspace       used 59803K, committed 60288K, reserved 1114112K
  class space    used 8044K, committed 8320K, reserved 1048576K
}
Event: 6.302 GC heap after
{Heap after GC invocations=13 (full 0):
 garbage-first heap   total 75776K, used 24239K [0x0000000704600000, 0x0000000800000000)
  region size 2048K, 2 young (4096K), 2 survivors (4096K)
 Metaspace       used 59803K, committed 60288K, reserved 1114112K
  class space    used 8044K, committed 8320K, reserved 1048576K
}
Event: 6.931 GC heap before
{Heap before GC invocations=14 (full 0):
 garbage-first heap   total 75776K, used 57007K [0x0000000704600000, 0x0000000800000000)
  region size 2048K, 18 young (36864K), 2 survivors (4096K)
 Metaspace       used 63138K, committed 63680K, reserved 1114112K
  class space    used 8579K, committed 8832K, reserved 1048576K
}
Event: 6.935 GC heap after
{Heap after GC invocations=15 (full 0):
 garbage-first heap   total 75776K, used 26583K [0x0000000704600000, 0x0000000800000000)
  region size 2048K, 3 young (6144K), 3 survivors (6144K)
 Metaspace       used 63138K, committed 63680K, reserved 1114112K
  class space    used 8579K, committed 8832K, reserved 1048576K
}
Event: 7.395 GC heap before
{Heap before GC invocations=15 (full 0):
 garbage-first heap   total 75776K, used 57303K [0x0000000704600000, 0x0000000800000000)
  region size 2048K, 18 young (36864K), 3 survivors (6144K)
 Metaspace       used 65285K, committed 65792K, reserved 1114112K
  class space    used 8891K, committed 9152K, reserved 1048576K
}
Event: 7.400 GC heap after
{Heap after GC invocations=16 (full 0):
 garbage-first heap   total 75776K, used 29029K [0x0000000704600000, 0x0000000800000000)
  region size 2048K, 3 young (6144K), 3 survivors (6144K)
 Metaspace       used 65285K, committed 65792K, reserved 1114112K
  class space    used 8891K, committed 9152K, reserved 1048576K
}

