# JRE version: Java(TM) SE Runtime Environment (17.0.10+11) (build 17.0.10+11-LTS-240)
# Java VM: Java HotSpot(TM) 64-Bit Server VM (17.0.10+11-LTS-240, mixed mode, sharing, tiered, compressed oops, compressed class ptrs, g1 gc, windows-amd64)
GC Precious Log:
 CPUs: 8 total, 8 available
 Memory: 16103M
 Large Page Support: Disabled
 NUMA Support: Disabled
 Compressed Oops: Enabled (Zero based)
 Heap Region Size: 2M
 Heap Min Capacity: 8M
 Heap Initial Capacity: 252M
 Heap Max Capacity: 4026M
 Pre-touch: Disabled
 Parallel Workers: 8
 Concurrent Workers: 2
 Concurrent Refinement Workers: 8
 Periodic GC: Disabled
Heap:
 garbage-first heap   total 208896K, used 146760K [0x0000000704600000, 0x0000000800000000)
  region size 2048K, 39 young (79872K), 1 survivors (2048K)
 Metaspace       used 77087K, committed 77632K, reserved 1179648K
  class space    used 9918K, committed 10176K, reserved 1048576K
GC Heap History (20 events):
Event: 56.984 GC heap before
{Heap before GC invocations=101 (full 0):
 garbage-first heap   total 206848K, used 198187K [0x0000000704600000, 0x0000000800000000)
  region size 2048K, 55 young (112640K), 1 survivors (2048K)
 Metaspace       used 77085K, committed 77632K, reserved 1179648K
  class space    used 9918K, committed 10176K, reserved 1048576K
}
Event: 56.985 GC heap after
{Heap after GC invocations=102 (full 0):
 garbage-first heap   total 206848K, used 33483K [0x0000000704600000, 0x0000000800000000)
  region size 2048K, 1 young (2048K), 1 survivors (2048K)
 Metaspace       used 77085K, committed 77632K, reserved 1179648K
  class space    used 9918K, committed 10176K, reserved 1048576K
}
Event: 57.429 GC heap before
{Heap before GC invocations=102 (full 0):
 garbage-first heap   total 206848K, used 199371K [0x0000000704600000, 0x0000000800000000)
  region size 2048K, 56 young (114688K), 1 survivors (2048K)
 Metaspace       used 77085K, committed 77632K, reserved 1179648K
  class space    used 9918K, committed 10176K, reserved 1048576K
}
Event: 57.431 GC heap after
{Heap after GC invocations=103 (full 0):
 garbage-first heap   total 206848K, used 34553K [0x0000000704600000, 0x0000000800000000)
  region size 2048K, 1 young (2048K), 1 survivors (2048K)
 Metaspace       used 77085K, committed 77632K, reserved 1179648K
  class space    used 9918K, committed 10176K, reserved 1048576K
}
Event: 57.977 GC heap before
{Heap before GC invocations=103 (full 0):
 garbage-first heap   total 206848K, used 200441K [0x0000000704600000, 0x0000000800000000)
  region size 2048K, 55 young (112640K), 1 survivors (2048K)
 Metaspace       used 77085K, committed 77632K, reserved 1179648K
  class space    used 9918K, committed 10176K, reserved 1048576K
}
Event: 57.979 GC heap after
{Heap after GC invocations=104 (full 0):
 garbage-first heap   total 208896K, used 35525K [0x0000000704600000, 0x0000000800000000)
  region size 2048K, 1 young (2048K), 1 survivors (2048K)
 Metaspace       used 77085K, committed 77632K, reserved 1179648K
  class space    used 9918K, committed 10176K, reserved 1048576K
}
Event: 58.608 GC heap before
{Heap before GC invocations=104 (full 0):
 garbage-first heap   total 208896K, used 199365K [0x0000000704600000, 0x0000000800000000)
  region size 2048K, 56 young (114688K), 1 survivors (2048K)
 Metaspace       used 77086K, committed 77632K, reserved 1179648K
  class space    used 9918K, committed 10176K, reserved 1048576K
}
Event: 58.609 GC heap after
{Heap after GC invocations=105 (full 0):
 garbage-first heap   total 208896K, used 34599K [0x0000000704600000, 0x0000000800000000)
  region size 2048K, 1 young (2048K), 1 survivors (2048K)
 Metaspace       used 77086K, committed 77632K, reserved 1179648K
  class space    used 9918K, committed 10176K, reserved 1048576K
}
Event: 59.080 GC heap before
{Heap before GC invocations=105 (full 0):
 garbage-first heap   total 208896K, used 198439K [0x0000000704600000, 0x0000000800000000)
  region size 2048K, 55 young (112640K), 1 survivors (2048K)
 Metaspace       used 77086K, committed 77632K, reserved 1179648K
  class space    used 9918K, committed 10176K, reserved 1048576K
}
Event: 59.081 GC heap after
{Heap after GC invocations=106 (full 0):
 garbage-first heap   total 208896K, used 34609K [0x0000000704600000, 0x0000000800000000)
  region size 2048K, 1 young (2048K), 1 survivors (2048K)
 Metaspace       used 77086K, committed 77632K, reserved 1179648K
  class space    used 9918K, committed 10176K, reserved 1048576K
}
Event: 59.594 GC heap before
{Heap before GC invocations=106 (full 0):
 garbage-first heap   total 208896K, used 198449K [0x0000000704600000, 0x0000000800000000)
  region size 2048K, 55 young (112640K), 1 survivors (2048K)
 Metaspace       used 77086K, committed 77632K, reserved 1179648K
  class space    used 9918K, committed 10176K, reserved 1048576K
}
Event: 59.596 GC heap after
{Heap after GC invocations=107 (full 0):
 garbage-first heap   total 208896K, used 33530K [0x0000000704600000, 0x0000000800000000)
  region size 2048K, 1 young (2048K), 1 survivors (2048K)
 Metaspace       used 77086K, committed 77632K, reserved 1179648K
  class space    used 9918K, committed 10176K, reserved 1048576K
}
Event: 60.111 GC heap before
{Heap before GC invocations=107 (full 0):
 garbage-first heap   total 208896K, used 199418K [0x0000000704600000, 0x0000000800000000)
  region size 2048K, 56 young (114688K), 1 survivors (2048K)
 Metaspace       used 77086K, committed 77632K, reserved 1179648K
  class space    used 9918K, committed 10176K, reserved 1048576K
}
Event: 60.113 GC heap after
{Heap after GC invocations=108 (full 0):
 garbage-first heap   total 208896K, used 34366K [0x0000000704600000, 0x0000000800000000)
  region size 2048K, 1 young (2048K), 1 survivors (2048K)
 Metaspace       used 77086K, committed 77632K, reserved 1179648K
  class space    used 9918K, committed 10176K, reserved 1048576K
}
Event: 60.640 GC heap before
{Heap before GC invocations=108 (full 0):
 garbage-first heap   total 208896K, used 200254K [0x0000000704600000, 0x0000000800000000)
  region size 2048K, 56 young (114688K), 1 survivors (2048K)
 Metaspace       used 77086K, committed 77632K, reserved 1179648K
  class space    used 9918K, committed 10176K, reserved 1048576K
}
Event: 60.641 GC heap after
{Heap after GC invocations=109 (full 0):
 garbage-first heap   total 208896K, used 34626K [0x0000000704600000, 0x0000000800000000)
  region size 2048K, 1 young (2048K), 1 survivors (2048K)
 Metaspace       used 77086K, committed 77632K, reserved 1179648K
  class space    used 9918K, committed 10176K, reserved 1048576K
}
Event: 61.102 GC heap before
{Heap before GC invocations=109 (full 0):
 garbage-first heap   total 208896K, used 198466K [0x0000000704600000, 0x0000000800000000)
  region size 2048K, 55 young (112640K), 1 survivors (2048K)
 Metaspace       used 77086K, committed 77632K, reserved 1179648K
  class space    used 9918K, committed 10176K, reserved 1048576K
}
Event: 61.104 GC heap after
{Heap after GC invocations=110 (full 0):
 garbage-first heap   total 208896K, used 34374K [0x0000000704600000, 0x0000000800000000)
  region size 2048K, 1 young (2048K), 1 survivors (2048K)
 Metaspace       used 77086K, committed 77632K, reserved 1179648K
  class space    used 9918K, committed 10176K, reserved 1048576K
}
Event: 61.554 GC heap before
{Heap before GC invocations=110 (full 0):
 garbage-first heap   total 208896K, used 198214K [0x0000000704600000, 0x0000000800000000)
  region size 2048K, 55 young (112640K), 1 survivors (2048K)
 Metaspace       used 77087K, committed 77632K, reserved 1179648K
  class space    used 9918K, committed 10176K, reserved 1048576K
}
Event: 61.555 GC heap after
{Heap after GC invocations=111 (full 0):
 garbage-first heap   total 208896K, used 34120K [0x0000000704600000, 0x0000000800000000)
  region size 2048K, 1 young (2048K), 1 survivors (2048K)
 Metaspace       used 77087K, committed 77632K, reserved 1179648K
  class space    used 9918K, committed 10176K, reserved 1048576K
}

