# JRE version: Java(TM) SE Runtime Environment (17.0.10+11) (build 17.0.10+11-LTS-240)
# Java VM: Java HotSpot(TM) 64-Bit Server VM (17.0.10+11-LTS-240, mixed mode, sharing, tiered, compressed oops, compressed class ptrs, g1 gc, windows-amd64)
GC Precious Log:
 CPUs: 8 total, 8 available
 Memory: 16103M
 Large Page Support: Disabled
 NUMA Support: Disabled
 Compressed Oops: Enabled (Zero based)
 Heap Region Size: 2M
 Heap Min Capacity: 8M
 Heap Initial Capacity: 252M
 Heap Max Capacity: 4026M
 Pre-touch: Disabled
 Parallel Workers: 8
 Concurrent Workers: 2
 Concurrent Refinement Workers: 8
 Periodic GC: Disabled
Heap:
 garbage-first heap   total 79872K, used 61567K [0x0000000704600000, 0x0000000800000000)
  region size 2048K, 13 young (26624K), 1 survivors (2048K)
 Metaspace       used 77397K, committed 77952K, reserved 1179648K
  class space    used 9963K, committed 10240K, reserved 1048576K
GC Heap History (20 events):
Event: 1689.003 GC heap before
{Heap before GC invocations=59 (full 0):
 garbage-first heap   total 79872K, used 67575K [0x0000000704600000, 0x0000000800000000)
  region size 2048K, 15 young (30720K), 1 survivors (2048K)
 Metaspace       used 77393K, committed 77952K, reserved 1179648K
  class space    used 9962K, committed 10240K, reserved 1048576K
}
Event: 1689.004 GC heap after
{Heap after GC invocations=60 (full 0):
 garbage-first heap   total 79872K, used 38939K [0x0000000704600000, 0x0000000800000000)
  region size 2048K, 1 young (2048K), 1 survivors (2048K)
 Metaspace       used 77393K, committed 77952K, reserved 1179648K
  class space    used 9962K, committed 10240K, reserved 1048576K
}
Event: 1690.570 GC heap before
{Heap before GC invocations=60 (full 0):
 garbage-first heap   total 79872K, used 67611K [0x0000000704600000, 0x0000000800000000)
  region size 2048K, 15 young (30720K), 1 survivors (2048K)
 Metaspace       used 77393K, committed 77952K, reserved 1179648K
  class space    used 9962K, committed 10240K, reserved 1048576K
}
Event: 1690.571 GC heap after
{Heap after GC invocations=61 (full 0):
 garbage-first heap   total 79872K, used 38938K [0x0000000704600000, 0x0000000800000000)
  region size 2048K, 1 young (2048K), 1 survivors (2048K)
 Metaspace       used 77393K, committed 77952K, reserved 1179648K
  class space    used 9962K, committed 10240K, reserved 1048576K
}
Event: 1691.805 GC heap before
{Heap before GC invocations=61 (full 0):
 garbage-first heap   total 79872K, used 67610K [0x0000000704600000, 0x0000000800000000)
  region size 2048K, 15 young (30720K), 1 survivors (2048K)
 Metaspace       used 77393K, committed 77952K, reserved 1179648K
  class space    used 9962K, committed 10240K, reserved 1048576K
}
Event: 1691.806 GC heap after
{Heap after GC invocations=62 (full 0):
 garbage-first heap   total 79872K, used 38937K [0x0000000704600000, 0x0000000800000000)
  region size 2048K, 1 young (2048K), 1 survivors (2048K)
 Metaspace       used 77393K, committed 77952K, reserved 1179648K
  class space    used 9962K, committed 10240K, reserved 1048576K
}
Event: 1692.773 GC heap before
{Heap before GC invocations=62 (full 0):
 garbage-first heap   total 79872K, used 67609K [0x0000000704600000, 0x0000000800000000)
  region size 2048K, 15 young (30720K), 1 survivors (2048K)
 Metaspace       used 77395K, committed 77952K, reserved 1179648K
  class space    used 9962K, committed 10240K, reserved 1048576K
}
Event: 1692.774 GC heap after
{Heap after GC invocations=63 (full 0):
 garbage-first heap   total 79872K, used 38969K [0x0000000704600000, 0x0000000800000000)
  region size 2048K, 1 young (2048K), 1 survivors (2048K)
 Metaspace       used 77395K, committed 77952K, reserved 1179648K
  class space    used 9962K, committed 10240K, reserved 1048576K
}
Event: 1694.129 GC heap before
{Heap before GC invocations=63 (full 0):
 garbage-first heap   total 79872K, used 67641K [0x0000000704600000, 0x0000000800000000)
  region size 2048K, 15 young (30720K), 1 survivors (2048K)
 Metaspace       used 77395K, committed 77952K, reserved 1179648K
  class space    used 9962K, committed 10240K, reserved 1048576K
}
Event: 1694.130 GC heap after
{Heap after GC invocations=64 (full 0):
 garbage-first heap   total 79872K, used 38970K [0x0000000704600000, 0x0000000800000000)
  region size 2048K, 1 young (2048K), 1 survivors (2048K)
 Metaspace       used 77395K, committed 77952K, reserved 1179648K
  class space    used 9962K, committed 10240K, reserved 1048576K
}
Event: 1695.562 GC heap before
{Heap before GC invocations=64 (full 0):
 garbage-first heap   total 79872K, used 67642K [0x0000000704600000, 0x0000000800000000)
  region size 2048K, 15 young (30720K), 1 survivors (2048K)
 Metaspace       used 77395K, committed 77952K, reserved 1179648K
  class space    used 9962K, committed 10240K, reserved 1048576K
}
Event: 1695.563 GC heap after
{Heap after GC invocations=65 (full 0):
 garbage-first heap   total 79872K, used 38991K [0x0000000704600000, 0x0000000800000000)
  region size 2048K, 1 young (2048K), 1 survivors (2048K)
 Metaspace       used 77395K, committed 77952K, reserved 1179648K
  class space    used 9962K, committed 10240K, reserved 1048576K
}
Event: 1696.746 GC heap before
{Heap before GC invocations=65 (full 0):
 garbage-first heap   total 79872K, used 67663K [0x0000000704600000, 0x0000000800000000)
  region size 2048K, 15 young (30720K), 1 survivors (2048K)
 Metaspace       used 77396K, committed 77952K, reserved 1179648K
  class space    used 9962K, committed 10240K, reserved 1048576K
}
Event: 1696.748 GC heap after
{Heap after GC invocations=66 (full 0):
 garbage-first heap   total 79872K, used 39001K [0x0000000704600000, 0x0000000800000000)
  region size 2048K, 1 young (2048K), 1 survivors (2048K)
 Metaspace       used 77396K, committed 77952K, reserved 1179648K
  class space    used 9962K, committed 10240K, reserved 1048576K
}
Event: 1698.039 GC heap before
{Heap before GC invocations=66 (full 0):
 garbage-first heap   total 79872K, used 67673K [0x0000000704600000, 0x0000000800000000)
  region size 2048K, 15 young (30720K), 1 survivors (2048K)
 Metaspace       used 77397K, committed 77952K, reserved 1179648K
  class space    used 9963K, committed 10240K, reserved 1048576K
}
Event: 1698.040 GC heap after
{Heap after GC invocations=67 (full 0):
 garbage-first heap   total 79872K, used 39018K [0x0000000704600000, 0x0000000800000000)
  region size 2048K, 1 young (2048K), 1 survivors (2048K)
 Metaspace       used 77397K, committed 77952K, reserved 1179648K
  class space    used 9963K, committed 10240K, reserved 1048576K
}
Event: 1699.440 GC heap before
{Heap before GC invocations=67 (full 0):
 garbage-first heap   total 79872K, used 67690K [0x0000000704600000, 0x0000000800000000)
  region size 2048K, 15 young (30720K), 1 survivors (2048K)
 Metaspace       used 77397K, committed 77952K, reserved 1179648K
  class space    used 9963K, committed 10240K, reserved 1048576K
}
Event: 1699.442 GC heap after
{Heap after GC invocations=68 (full 0):
 garbage-first heap   total 79872K, used 39040K [0x0000000704600000, 0x0000000800000000)
  region size 2048K, 1 young (2048K), 1 survivors (2048K)
 Metaspace       used 77397K, committed 77952K, reserved 1179648K
  class space    used 9963K, committed 10240K, reserved 1048576K
}
Event: 1700.679 GC heap before
{Heap before GC invocations=68 (full 0):
 garbage-first heap   total 79872K, used 67712K [0x0000000704600000, 0x0000000800000000)
  region size 2048K, 15 young (30720K), 1 survivors (2048K)
 Metaspace       used 77397K, committed 77952K, reserved 1179648K
  class space    used 9963K, committed 10240K, reserved 1048576K
}
Event: 1700.681 GC heap after
{Heap after GC invocations=69 (full 0):
 garbage-first heap   total 79872K, used 39039K [0x0000000704600000, 0x0000000800000000)
  region size 2048K, 1 young (2048K), 1 survivors (2048K)
 Metaspace       used 77397K, committed 77952K, reserved 1179648K
  class space    used 9963K, committed 10240K, reserved 1048576K
}

