# JRE version: Java(TM) SE Runtime Environment (17.0.10+11) (build 17.0.10+11-LTS-240)
# Java VM: Java HotSpot(TM) 64-Bit Server VM (17.0.10+11-LTS-240, mixed mode, sharing, tiered, compressed oops, compressed class ptrs, g1 gc, windows-amd64)
GC Precious Log:
 CPUs: 8 total, 8 available
 Memory: 16103M
 Large Page Support: Disabled
 NUMA Support: Disabled
 Compressed Oops: Enabled (Zero based)
 Heap Region Size: 2M
 Heap Min Capacity: 8M
 Heap Initial Capacity: 252M
 Heap Max Capacity: 4026M
 Pre-touch: Disabled
 Parallel Workers: 8
 Concurrent Workers: 2
 Concurrent Refinement Workers: 8
 Periodic GC: Disabled
Heap:
 garbage-first heap   total 75776K, used 50459K [0x0000000704600000, 0x0000000800000000)
  region size 2048K, 12 young (24576K), 1 survivors (2048K)
 Metaspace       used 76015K, committed 76608K, reserved 1179648K
  class space    used 9768K, committed 10048K, reserved 1048576K
GC Heap History (20 events):
Event: 68.431 GC heap before
{Heap before GC invocations=52 (full 0):
 garbage-first heap   total 75776K, used 60701K [0x0000000704600000, 0x0000000800000000)
  region size 2048K, 16 young (32768K), 1 survivors (2048K)
 Metaspace       used 76009K, committed 76544K, reserved 1179648K
  class space    used 9768K, committed 10048K, reserved 1048576K
}
Event: 68.434 GC heap after
{Heap after GC invocations=53 (full 0):
 garbage-first heap   total 75776K, used 32046K [0x0000000704600000, 0x0000000800000000)
  region size 2048K, 1 young (2048K), 1 survivors (2048K)
 Metaspace       used 76009K, committed 76544K, reserved 1179648K
  class space    used 9768K, committed 10048K, reserved 1048576K
}
Event: 69.636 GC heap before
{Heap before GC invocations=53 (full 0):
 garbage-first heap   total 75776K, used 60718K [0x0000000704600000, 0x0000000800000000)
  region size 2048K, 16 young (32768K), 1 survivors (2048K)
 Metaspace       used 76009K, committed 76544K, reserved 1179648K
  class space    used 9768K, committed 10048K, reserved 1048576K
}
Event: 69.638 GC heap after
{Heap after GC invocations=54 (full 0):
 garbage-first heap   total 75776K, used 31975K [0x0000000704600000, 0x0000000800000000)
  region size 2048K, 1 young (2048K), 1 survivors (2048K)
 Metaspace       used 76009K, committed 76544K, reserved 1179648K
  class space    used 9768K, committed 10048K, reserved 1048576K
}
Event: 70.914 GC heap before
{Heap before GC invocations=54 (full 0):
 garbage-first heap   total 75776K, used 62695K [0x0000000704600000, 0x0000000800000000)
  region size 2048K, 16 young (32768K), 1 survivors (2048K)
 Metaspace       used 76009K, committed 76544K, reserved 1179648K
  class space    used 9768K, committed 10048K, reserved 1048576K
}
Event: 70.915 GC heap after
{Heap after GC invocations=55 (full 0):
 garbage-first heap   total 75776K, used 31982K [0x0000000704600000, 0x0000000800000000)
  region size 2048K, 1 young (2048K), 1 survivors (2048K)
 Metaspace       used 76009K, committed 76544K, reserved 1179648K
  class space    used 9768K, committed 10048K, reserved 1048576K
}
Event: 72.206 GC heap before
{Heap before GC invocations=55 (full 0):
 garbage-first heap   total 75776K, used 62702K [0x0000000704600000, 0x0000000800000000)
  region size 2048K, 16 young (32768K), 1 survivors (2048K)
 Metaspace       used 76009K, committed 76544K, reserved 1179648K
  class space    used 9768K, committed 10048K, reserved 1048576K
}
Event: 72.208 GC heap after
{Heap after GC invocations=56 (full 0):
 garbage-first heap   total 75776K, used 31999K [0x0000000704600000, 0x0000000800000000)
  region size 2048K, 1 young (2048K), 1 survivors (2048K)
 Metaspace       used 76009K, committed 76544K, reserved 1179648K
  class space    used 9768K, committed 10048K, reserved 1048576K
}
Event: 73.361 GC heap before
{Heap before GC invocations=56 (full 0):
 garbage-first heap   total 75776K, used 60671K [0x0000000704600000, 0x0000000800000000)
  region size 2048K, 16 young (32768K), 1 survivors (2048K)
 Metaspace       used 76013K, committed 76608K, reserved 1179648K
  class space    used 9768K, committed 10048K, reserved 1048576K
}
Event: 73.364 GC heap after
{Heap after GC invocations=57 (full 0):
 garbage-first heap   total 75776K, used 32040K [0x0000000704600000, 0x0000000800000000)
  region size 2048K, 1 young (2048K), 1 survivors (2048K)
 Metaspace       used 76013K, committed 76608K, reserved 1179648K
  class space    used 9768K, committed 10048K, reserved 1048576K
}
Event: 74.504 GC heap before
{Heap before GC invocations=57 (full 0):
 garbage-first heap   total 75776K, used 60712K [0x0000000704600000, 0x0000000800000000)
  region size 2048K, 16 young (32768K), 1 survivors (2048K)
 Metaspace       used 76013K, committed 76608K, reserved 1179648K
  class space    used 9768K, committed 10048K, reserved 1048576K
}
Event: 74.507 GC heap after
{Heap after GC invocations=58 (full 0):
 garbage-first heap   total 75776K, used 32064K [0x0000000704600000, 0x0000000800000000)
  region size 2048K, 1 young (2048K), 1 survivors (2048K)
 Metaspace       used 76013K, committed 76608K, reserved 1179648K
  class space    used 9768K, committed 10048K, reserved 1048576K
}
Event: 75.672 GC heap before
{Heap before GC invocations=58 (full 0):
 garbage-first heap   total 75776K, used 62784K [0x0000000704600000, 0x0000000800000000)
  region size 2048K, 16 young (32768K), 1 survivors (2048K)
 Metaspace       used 76015K, committed 76608K, reserved 1179648K
  class space    used 9768K, committed 10048K, reserved 1048576K
}
Event: 75.674 GC heap after
{Heap after GC invocations=59 (full 0):
 garbage-first heap   total 75776K, used 32029K [0x0000000704600000, 0x0000000800000000)
  region size 2048K, 1 young (2048K), 1 survivors (2048K)
 Metaspace       used 76015K, committed 76608K, reserved 1179648K
  class space    used 9768K, committed 10048K, reserved 1048576K
}
Event: 76.816 GC heap before
{Heap before GC invocations=59 (full 0):
 garbage-first heap   total 75776K, used 60701K [0x0000000704600000, 0x0000000800000000)
  region size 2048K, 16 young (32768K), 1 survivors (2048K)
 Metaspace       used 76015K, committed 76608K, reserved 1179648K
  class space    used 9768K, committed 10048K, reserved 1048576K
}
Event: 76.819 GC heap after
{Heap after GC invocations=60 (full 0):
 garbage-first heap   total 75776K, used 32064K [0x0000000704600000, 0x0000000800000000)
  region size 2048K, 1 young (2048K), 1 survivors (2048K)
 Metaspace       used 76015K, committed 76608K, reserved 1179648K
  class space    used 9768K, committed 10048K, reserved 1048576K
}
Event: 77.944 GC heap before
{Heap before GC invocations=60 (full 0):
 garbage-first heap   total 75776K, used 62784K [0x0000000704600000, 0x0000000800000000)
  region size 2048K, 16 young (32768K), 1 survivors (2048K)
 Metaspace       used 76015K, committed 76608K, reserved 1179648K
  class space    used 9768K, committed 10048K, reserved 1048576K
}
Event: 77.946 GC heap after
{Heap after GC invocations=61 (full 0):
 garbage-first heap   total 75776K, used 32051K [0x0000000704600000, 0x0000000800000000)
  region size 2048K, 1 young (2048K), 1 survivors (2048K)
 Metaspace       used 76015K, committed 76608K, reserved 1179648K
  class space    used 9768K, committed 10048K, reserved 1048576K
}
Event: 78.701 GC heap before
{Heap before GC invocations=61 (full 0):
 garbage-first heap   total 75776K, used 60723K [0x0000000704600000, 0x0000000800000000)
  region size 2048K, 16 young (32768K), 1 survivors (2048K)
 Metaspace       used 76015K, committed 76608K, reserved 1179648K
  class space    used 9768K, committed 10048K, reserved 1048576K
}
Event: 78.702 GC heap after
{Heap after GC invocations=62 (full 0):
 garbage-first heap   total 75776K, used 32027K [0x0000000704600000, 0x0000000800000000)
  region size 2048K, 1 young (2048K), 1 survivors (2048K)
 Metaspace       used 76015K, committed 76608K, reserved 1179648K
  class space    used 9768K, committed 10048K, reserved 1048576K
}

