# JRE version: Java(TM) SE Runtime Environment (17.0.10+11) (build 17.0.10+11-LTS-240)
# Java VM: Java HotSpot(TM) 64-Bit Server VM (17.0.10+11-LTS-240, mixed mode, sharing, tiered, compressed oops, compressed class ptrs, g1 gc, windows-amd64)
GC Precious Log:
 CPUs: 8 total, 8 available
 Memory: 16103M
 Large Page Support: Disabled
 NUMA Support: Disabled
 Compressed Oops: Enabled (Zero based)
 Heap Region Size: 2M
 Heap Min Capacity: 8M
 Heap Initial Capacity: 252M
 Heap Max Capacity: 4026M
 Pre-touch: Disabled
 Parallel Workers: 8
 Concurrent Workers: 2
 Concurrent Refinement Workers: 8
 Periodic GC: Disabled
Heap:
 garbage-first heap   total 145408K, used 90640K [0x0000000704600000, 0x0000000800000000)
  region size 2048K, 31 young (63488K), 1 survivors (2048K)
 Metaspace       used 76119K, committed 76672K, reserved 1179648K
  class space    used 9765K, committed 10048K, reserved 1048576K
GC Heap History (20 events):
Event: 490.068 GC heap before
{Heap before GC invocations=192 (full 0):
 garbage-first heap   total 145408K, used 120870K [0x0000000704600000, 0x0000000800000000)
  region size 2048K, 30 young (61440K), 1 survivors (2048K)
 Metaspace       used 76118K, committed 76672K, reserved 1179648K
  class space    used 9765K, committed 10048K, reserved 1048576K
}
Event: 490.071 GC heap after
{Heap after GC invocations=193 (full 0):
 garbage-first heap   total 145408K, used 34863K [0x0000000704600000, 0x0000000800000000)
  region size 2048K, 1 young (2048K), 1 survivors (2048K)
 Metaspace       used 76118K, committed 76672K, reserved 1179648K
  class space    used 9765K, committed 10048K, reserved 1048576K
}
Event: 490.652 GC heap before
{Heap before GC invocations=193 (full 0):
 garbage-first heap   total 145408K, used 120879K [0x0000000704600000, 0x0000000800000000)
  region size 2048K, 30 young (61440K), 1 survivors (2048K)
 Metaspace       used 76118K, committed 76672K, reserved 1179648K
  class space    used 9765K, committed 10048K, reserved 1048576K
}
Event: 490.653 GC heap after
{Heap after GC invocations=194 (full 0):
 garbage-first heap   total 145408K, used 34865K [0x0000000704600000, 0x0000000800000000)
  region size 2048K, 1 young (2048K), 1 survivors (2048K)
 Metaspace       used 76118K, committed 76672K, reserved 1179648K
  class space    used 9765K, committed 10048K, reserved 1048576K
}
Event: 490.946 GC heap before
{Heap before GC invocations=194 (full 0):
 garbage-first heap   total 145408K, used 120881K [0x0000000704600000, 0x0000000800000000)
  region size 2048K, 30 young (61440K), 1 survivors (2048K)
 Metaspace       used 76118K, committed 76672K, reserved 1179648K
  class space    used 9765K, committed 10048K, reserved 1048576K
}
Event: 490.948 GC heap after
{Heap after GC invocations=195 (full 0):
 garbage-first heap   total 145408K, used 34878K [0x0000000704600000, 0x0000000800000000)
  region size 2048K, 1 young (2048K), 1 survivors (2048K)
 Metaspace       used 76118K, committed 76672K, reserved 1179648K
  class space    used 9765K, committed 10048K, reserved 1048576K
}
Event: 491.247 GC heap before
{Heap before GC invocations=195 (full 0):
 garbage-first heap   total 145408K, used 120894K [0x0000000704600000, 0x0000000800000000)
  region size 2048K, 30 young (61440K), 1 survivors (2048K)
 Metaspace       used 76118K, committed 76672K, reserved 1179648K
  class space    used 9765K, committed 10048K, reserved 1048576K
}
Event: 491.250 GC heap after
{Heap after GC invocations=196 (full 0):
 garbage-first heap   total 145408K, used 34880K [0x0000000704600000, 0x0000000800000000)
  region size 2048K, 1 young (2048K), 1 survivors (2048K)
 Metaspace       used 76118K, committed 76672K, reserved 1179648K
  class space    used 9765K, committed 10048K, reserved 1048576K
}
Event: 491.570 GC heap before
{Heap before GC invocations=196 (full 0):
 garbage-first heap   total 145408K, used 120896K [0x0000000704600000, 0x0000000800000000)
  region size 2048K, 30 young (61440K), 1 survivors (2048K)
 Metaspace       used 76118K, committed 76672K, reserved 1179648K
  class space    used 9765K, committed 10048K, reserved 1048576K
}
Event: 491.572 GC heap after
{Heap after GC invocations=197 (full 0):
 garbage-first heap   total 145408K, used 34887K [0x0000000704600000, 0x0000000800000000)
  region size 2048K, 1 young (2048K), 1 survivors (2048K)
 Metaspace       used 76118K, committed 76672K, reserved 1179648K
  class space    used 9765K, committed 10048K, reserved 1048576K
}
Event: 491.868 GC heap before
{Heap before GC invocations=197 (full 0):
 garbage-first heap   total 145408K, used 120903K [0x0000000704600000, 0x0000000800000000)
  region size 2048K, 30 young (61440K), 1 survivors (2048K)
 Metaspace       used 76118K, committed 76672K, reserved 1179648K
  class space    used 9765K, committed 10048K, reserved 1048576K
}
Event: 491.870 GC heap after
{Heap after GC invocations=198 (full 0):
 garbage-first heap   total 145408K, used 34890K [0x0000000704600000, 0x0000000800000000)
  region size 2048K, 1 young (2048K), 1 survivors (2048K)
 Metaspace       used 76118K, committed 76672K, reserved 1179648K
  class space    used 9765K, committed 10048K, reserved 1048576K
}
Event: 492.198 GC heap before
{Heap before GC invocations=198 (full 0):
 garbage-first heap   total 145408K, used 120906K [0x0000000704600000, 0x0000000800000000)
  region size 2048K, 30 young (61440K), 1 survivors (2048K)
 Metaspace       used 76118K, committed 76672K, reserved 1179648K
  class space    used 9765K, committed 10048K, reserved 1048576K
}
Event: 492.199 GC heap after
{Heap after GC invocations=199 (full 0):
 garbage-first heap   total 145408K, used 34919K [0x0000000704600000, 0x0000000800000000)
  region size 2048K, 1 young (2048K), 1 survivors (2048K)
 Metaspace       used 76118K, committed 76672K, reserved 1179648K
  class space    used 9765K, committed 10048K, reserved 1048576K
}
Event: 492.564 GC heap before
{Heap before GC invocations=199 (full 0):
 garbage-first heap   total 145408K, used 120935K [0x0000000704600000, 0x0000000800000000)
  region size 2048K, 30 young (61440K), 1 survivors (2048K)
 Metaspace       used 76118K, committed 76672K, reserved 1179648K
  class space    used 9765K, committed 10048K, reserved 1048576K
}
Event: 492.565 GC heap after
{Heap after GC invocations=200 (full 0):
 garbage-first heap   total 145408K, used 34903K [0x0000000704600000, 0x0000000800000000)
  region size 2048K, 1 young (2048K), 1 survivors (2048K)
 Metaspace       used 76118K, committed 76672K, reserved 1179648K
  class space    used 9765K, committed 10048K, reserved 1048576K
}
Event: 492.881 GC heap before
{Heap before GC invocations=200 (full 0):
 garbage-first heap   total 145408K, used 122967K [0x0000000704600000, 0x0000000800000000)
  region size 2048K, 31 young (63488K), 1 survivors (2048K)
 Metaspace       used 76118K, committed 76672K, reserved 1179648K
  class space    used 9765K, committed 10048K, reserved 1048576K
}
Event: 492.883 GC heap after
{Heap after GC invocations=201 (full 0):
 garbage-first heap   total 145408K, used 34908K [0x0000000704600000, 0x0000000800000000)
  region size 2048K, 1 young (2048K), 1 survivors (2048K)
 Metaspace       used 76118K, committed 76672K, reserved 1179648K
  class space    used 9765K, committed 10048K, reserved 1048576K
}
Event: 493.631 GC heap before
{Heap before GC invocations=201 (full 0):
 garbage-first heap   total 145408K, used 135260K [0x0000000704600000, 0x0000000800000000)
  region size 2048K, 39 young (79872K), 1 survivors (2048K)
 Metaspace       used 76119K, committed 76672K, reserved 1179648K
  class space    used 9765K, committed 10048K, reserved 1048576K
}
Event: 493.631 GC heap after
{Heap after GC invocations=202 (full 0):
 garbage-first heap   total 145408K, used 33296K [0x0000000704600000, 0x0000000800000000)
  region size 2048K, 1 young (2048K), 1 survivors (2048K)
 Metaspace       used 76119K, committed 76672K, reserved 1179648K
  class space    used 9765K, committed 10048K, reserved 1048576K
}

